Determining if the pthread_create exist failed with the following output:
Change Dir: /home/ccy00808/project/googletest/build/CMakeFiles/CMakeTmp

Run Build Command:/usr/bin/gmake "cmTryCompileExec575510384/fast"
/usr/bin/gmake -f CMakeFiles/cmTryCompileExec575510384.dir/build.make CMakeFiles/cmTryCompileExec575510384.dir/build
gmake[1]: Entering directory `/home/ccy00808/project/googletest/build/CMakeFiles/CMakeTmp'
/usr/bin/cmake -E cmake_progress_report /home/ccy00808/project/googletest/build/CMakeFiles/CMakeTmp/CMakeFiles 1
Building C object CMakeFiles/cmTryCompileExec575510384.dir/CheckSymbolExists.c.o
/usr/bin/cc    -o CMakeFiles/cmTryCompileExec575510384.dir/CheckSymbolExists.c.o   -c /home/ccy00808/project/googletest/build/CMakeFiles/CMakeTmp/CheckSymbolExists.c
Linking C executable cmTryCompileExec575510384
/usr/bin/cmake -E cmake_link_script CMakeFiles/cmTryCompileExec575510384.dir/link.txt --verbose=1
/usr/bin/cc       CMakeFiles/cmTryCompileExec575510384.dir/CheckSymbolExists.c.o  -o cmTryCompileExec575510384 -rdynamic 
CMakeFiles/cmTryCompileExec575510384.dir/CheckSymbolExists.c.o: In function `main':
CheckSymbolExists.c:(.text+0x16): undefined reference to `pthread_create'
collect2: error: ld returned 1 exit status
gmake[1]: Leaving directory `/home/ccy00808/project/googletest/build/CMakeFiles/CMakeTmp'
gmake[1]: *** [cmTryCompileExec575510384] Error 1
gmake: *** [cmTryCompileExec575510384/fast] Error 2

File /home/ccy00808/project/googletest/build/CMakeFiles/CMakeTmp/CheckSymbolExists.c:
/* */
#include <pthread.h>

int main(int argc, char** argv)
{
  (void)argv;
#ifndef pthread_create
  return ((int*)(&pthread_create))[argc];
#else
  (void)argc;
  return 0;
#endif
}

Determining if the function pthread_create exists in the pthreads failed with the following output:
Change Dir: /home/ccy00808/project/googletest/build/CMakeFiles/CMakeTmp

Run Build Command:/usr/bin/gmake "cmTryCompileExec2089080048/fast"
/usr/bin/gmake -f CMakeFiles/cmTryCompileExec2089080048.dir/build.make CMakeFiles/cmTryCompileExec2089080048.dir/build
gmake[1]: Entering directory `/home/ccy00808/project/googletest/build/CMakeFiles/CMakeTmp'
/usr/bin/cmake -E cmake_progress_report /home/ccy00808/project/googletest/build/CMakeFiles/CMakeTmp/CMakeFiles 1
Building C object CMakeFiles/cmTryCompileExec2089080048.dir/CheckFunctionExists.c.o
/usr/bin/cc   -DCHECK_FUNCTION_EXISTS=pthread_create   -o CMakeFiles/cmTryCompileExec2089080048.dir/CheckFunctionExists.c.o   -c /usr/share/cmake/Modules/CheckFunctionExists.c
Linking C executable cmTryCompileExec2089080048
/usr/bin/cmake -E cmake_link_script CMakeFiles/cmTryCompileExec2089080048.dir/link.txt --verbose=1
/usr/bin/cc   -DCHECK_FUNCTION_EXISTS=pthread_create    CMakeFiles/cmTryCompileExec2089080048.dir/CheckFunctionExists.c.o  -o cmTryCompileExec2089080048 -rdynamic -lpthreads 
/usr/bin/ld: cannot find -lpthreads
collect2: error: ld returned 1 exit status
gmake[1]: Leaving directory `/home/ccy00808/project/googletest/build/CMakeFiles/CMakeTmp'
gmake[1]: *** [cmTryCompileExec2089080048] Error 1
gmake: *** [cmTryCompileExec2089080048/fast] Error 2


